Eso es lo que ha hecho nuestro ponente en la Comisión_de_Asuntos_Económicos y Monetarios , el Sr._von_Wogau .
lo , pese_a que , lamentablemente , no está presente , por la forma completa y rigurosa como ha emprendido la preparación Quiero felicitar de su informe ... ¡ y también por haber me soportado como una espina clavada en su costado !
el informe se ha dicho que ha aprobado con una mayoría importante , pero no con mi apoyo . Antes
sus conclusiones , creo que ha ilustrado en su informe muchas de las cuestiones que la Comisión De_modo_que , aunque puedo no compartir debe abordar .
el apoyo de la Comisión . Hemos visto que el Tribunal_Europeo Francia en este momento , en el que contamos con no puede facilitar nos medidas provisionales en cierto litigio que tenemos con
a la Comisión si se ha emprendido un análisis Quisiera preguntar de las consecuencias de ese cambio para las empresas : un análisis coste-beneficio de el tipo que ahora está dando se mucho más en la política europea .
dicho que ha Se nos actualmente se está desperdiciando el tiempo de los ciudadanos y que , por tanto , los cambios podrían ser beneficiosos .
El sistema vigente favorece la transparencia , ofrece seguridad jurídica a las empresas , ha fomentado sin_duda_alguna la disciplina y ha tenido un efecto disuasorio a_través_de la notificación obligatoria .
de nuestro debate , porque hasta ahora ningún orador lo ha marco hecho . Señor_Presidente , me alegro mucho de que la Sra._Randzio-Plath haya mencionado el importantísimo
las autoridades nacionales está muy bien , pero quisiéramos subrayar lo que el Sr._von_Wogau Delegar en ha dicho en su informe sobre la necesidad de una supervisión periódica de las autoridades nacionales para velar por que no haya una reducción por la parte europea y quisiéramos pedir en particular a el Comisario_Monti que nos tranquilice , en el sentido de que habrá comprobaciones aleatorias a el respecto .
tiempo de que dispongo , quiero apoyar la labor realizada por todos los ponentes y compartir muchas de las cosas que , en el reducido la necesidad de transparencia y de balance socioeconómico de las ayudas . Señor_Presidente se han dicho aquí , particularmente por mi compañero Jonckheer , criticando la excesiva agrupación de datos y
por si cupiera alguna duda digo Lo por las críticas que hemos dirigido a la Comisión , en general , y a el Sr._Monti , en particular , por su persecución de los incentivos a las empresas vascas y por el hecho de considerar las como ayudas estatales .
La Unión_Europea concedió acertadamente ayudas a la acería Grönitz_de_Brandenburgo , a_pesar_de que sus 5 0 puestos de trabajo ahora han quedado reducidos a sólo 700 .
a Su_Señoría que la Unión_Europea Quisiera recordar ha aprobado las nuevas directrices en_materia_de ayuda regional para el período que se inicia en 2000 .
práctica la supervisión estar de dicha prohibición , con lo cual de entrada también podemos de acuerdo . La Comisión considera insatisfactoria la manera en que se ha llevado_a_cabo en la
Los pedidos de la siderurgia y de el sector naval - de este tema también hablamos hace poco - han disminuido drásticamente , con la subsiguiente pérdida de empleo .
Señor_Presidente , el debate hoy abordamos que es extraordinariamente importante porque el principio de competencia ha sido probablemente la piedra angular de el mercado interior .
- y ya se ha En cuarto y último lugar aludido a ello - , el orden jurídico internacional ha cambiado .
por que se Y debemos vigilar cumplan los estándares medioambientales , los estándares laborales , para evitar el dumping en este terreno , por que se respeten escrupulosamente los derechos de propiedad , que se revisen las ayudas estatales , que - como se ha dicho aquí - en muchos sectores distorsionan la competencia y destruyen empleo dentro_de nuestra propia casa y , en definitiva , por que se apliquen condiciones similares que impidan que las ayudas , las distorsiones internas de otros países se trasladen a el terreno internacional mediante trampas en definitiva .
necesario crear A mi juicio , sería un umbral por debajo_de el cual se deberían incorporar dos aspectos significativos que caracterizan nuestro tejido económico : las pequeñas y medianas empresas que representan el elemento de conjunción de el universo económico europeo , y la protección social que Europa ha garantizado siempre a las capas económicas menos favorecidas .
último lugar me da el privilegio , señor Comisario , de decir le que , mayoritariamente , esta Asamblea , intervenir en respalda su iniciativa y ha mostrado una total , y creo que muy justificada confianza , en la forma de conducir usted este barco . Señor_Presidente
la preocupación En primer lugar , está que algunos han expresado , en particular la Sra._Randzio-Plath , Presidenta_de_la_Comisión_de_Asuntos_Económicos , de que este nuevo sistema de excepción legal sea absolutamente compatible con el Tratado .
, de legitimación , de legitimidad , de lo que es el mercado interior . Pero no es menos cierto - y se ha repetido desde todos los sectores de esta Asamblea - que el tejido industrial europeo es un tejido de pequeña y mediana empresa , y que la Comisión , muchas veces , juega un papel de auctoritas
dar mi opinión sobre algo que . Y en este punto voy a ha dicho el Sr._Karas
un abogado con dos empresas y un proyecto , ante una orientación de la Comisión dada ¡ Cuántas veces ex_ante , ha cambiado ese proyecto para que estuviera de_acuerdo_con las reglas de competencia !
riesgo de la renacionalización , la cuestión de la seguridad jurídica . Quisiera de la coherencia en la aplicación , la cuestión agrupar las consideraciones que se han hecho a lo largo de el debate sobre el informe von Wogau en cuatro puntos que yo no considero como críticas a la Comisión , sino aportaciones fundamentales , dado_que existen preocupaciones que es justo tener y que queremos superar juntos : la cuestión de la eficacia , la cuestión de el
este objetivo , porque no garantiza la información de la Comisión sobre las restricciones más graves - recuerdo Señorías , el actual sistema de la notificación ya no permite alcanzar que en treinta_y_cinco años sólo nueve decisiones de prohibición han sido adoptadas después_de una notificación y a falta de denuncia - no garantiza la transparencia y no aporta una verdadera seguridad jurídica a las empresas que , en la mayor parte de los casos , reciben una simple carta administrativa de archivo .
también gracias_a las preocupaciones que ustedes han mostrado . Figuren se si no nos hemos planteado este problema : nos lo hemos planteado y lo estamos estudiando con mucha atención ,
La reforma conducirá a un progresivo desarrollo - me permito subrayar lo porque me han llamado mucho la atención los términos que , por otra parte , comparto plenamente , utilizados por la presidenta Sra._Randzio-Plath - de la cultura europea de la competencia .
Después_de todo , como muchas otras disposiciones de el Tratado , los artículos 81.1 y 82 se aplican por parte de las autoridades y los jueces nacionales desde hace décadas , y no me parece que esto haya planteado grandes problemas .
y contribuciones excelentes que Hemos recibido muchas observaciones nos brindan el material para hacer un análisis de el costo-beneficio para las empresas .
formulado la Sra._Thyssen han la Sra._Peijs y la Sra._Palacio_Vallelersundi : la cuestión de las PYME . La ,
Muchos oradores han lo subrayado .
Señor_Rapkay , por lo que respecta a la dimensión internacional de la política de competencia , puedo confirmar le que la Comisión está dispuesta a facilitar a el Parlamento un informe sobre este tema respecto_a el cual también la Sra._Randzio-Plath nos ha llamado la atención y en el ámbito de el cual puedo decir que mantenemos relaciones bilaterales muy satisfactorias con las autoridades homólogas de los Estados_Unidos , Canadá y Japón y que estamos trabajando para que , en el ámbito de la Organización_Mundial_de_el_Comercio , nazca un verdadero volet competencia .
interinstitucional que se ha Parlamento , ese diálogo establecido . Continuaremos , sobre todo con la Comisión_de_Asuntos_Económicos y Monetarios , pero más en general con el
que la competencia Y quisiera añadir ha tenido y continuará teniendo un valor civil y no_sólo económico en la construcción europea .
Hasta ahora , a_el_cabo_de cinco años , sólo cuatro han de ellos lo hecho .
con minar la credibilidad de la Unión , el Parlamento Ante este punto muerto en el que nos encontramos y que amenaza ha tomado la iniciativa de solicitar la creación de un Ministerio público europeo .
éste Creo que ha sido un informe en el que la cooperación entre comisiones ha funcionado muy bien , y el resultado , que nos llega hoy , es un informe sobrio y sereno en una materia especialmente delicada .
una cuestión especialmente delicada porque se Y a_la_vez , es trata de la protección de los intereses financieros de la Comunidad , como muy bien ha dicho la Sra._Theato .
, 	 ne Pero cuidado , como dicen los franceses jettons pas le bébé avec l'eau du bain 	 , es decir , en la protección de los intereses financieros de la Comunidad han de respetar se , por una parte - y lo ha dicho la Sra._Theato - las competencias de los Estados nacionales , pero también otras cosas que afectan a los ciudadanos , que afectan a las garantías esenciales .
de que en el fondo ella Sólo tengo la sensación quería haber ido aún un poco más lejos en este estadio .
Señor_Presidente , estamos básicamente a_favor_de la resolución que se nos ha presentado , aunque pensamos que ésta no puede sino ser una invitación de el Parlamento a el Consejo para que , a_través_de una modificación de los Tratados , se garantice una protección penal eficaz de los intereses financieros de la Unión .
La institución de un Fiscal europeo y el establecimiento de figuras delictivas comunes a todos los Estados_de_la_Unión es , sin duda , una buena idea , sin embargo , considero imposible pensar en llevar la a la práctica sin antes haber creado un ordenamiento judicial de la Unión .
judicial europeo . De hecho , es impensable que los intereses financieros , sin haber creado antes un ordenamiento se puedan establecer normas jurídicas sustantivas y procesales para un solo ámbito como el de la protección de
de_acuerdo_con el Sr. ponente : es absolutamente inaceptable que la mayoría No_obstante , estoy de países miembros no lo haya ratificado todavía .
europea vigente en_materia_de lucha contra el fraude , porque los Estados No hay ninguna legislación miembros , ya se ha dicho , no ratifican los tratados .
lo que la Sra._Morgan Quisiera apoyar ha dicho sobre esta cuestión .
Yo creo que , ante las dificultades jurídicas que plantea esta cuestión - y es evidente que la Unión_Europea sólo dispone de una vía muy estrecha para conseguir que dichos delitos sean perseguibles judicialmente como delitos europeos - se ha perdido el rumbo jurídico .
un fiscal europeo sino_que , por razones jurídicas , éste no se habla de se ha convertido ahora en una autoridad europea independiente , un organismo lo ha llamado antes la Sra._Theato . En ellas ya
imprescindible - Aun así , es y por esto vamos a votar a_favor_de el punto 1 excluida esta recomendación - es que el Parlamento transmita a la Comisión y a el Consejo una señal clara de nuestra voluntad de que se ponga fin , mediante un acto normativo claro , a las situaciones que han acabado arraigando .
vigor . La verdad ha sido ratificado ni ha entrado en es que la frustración aumenta cuando se comprueba la fragilidad de el Convenio ( y los protocolos relativos a dicha protección ) , que , cinco años después_de su firma , aún no
Yo quiero manifestar a la ponente el reconocimiento de la Comisión por la dedicación con que ha vuelto a examinar el tema francamente difícil de los fundamentos jurídicos que es posible crear y las modificaciones institucionales que se pueden introducir para intensificar la lucha contra el fraude en detrimento de los intereses de la Unión_Europea .
En realidad , el presupuesto europeo se alimenta de el IVA y de la retención sobre el PIB , sobre todo desde que el abandono de la preferencia comunitaria y la multiplicación de las zonas de libre comercio han hecho desaparecer los derechos arancelarios y la exacción reguladora agrícola común , ya amputados por los SPG .
en el reglamento que ha nos sido presentado . Lo vemos perfectamente
Las empresas de transporte de mercancías peligrosas y aquéllas que realizan las operaciones de carga o descarga relativas a este transporte han visto cómo se les imponía , acertadamente , el cumplimiento de normas en_materia_de prevención de riesgos , ya se trate de el transporte por carretera , por ferrocarril o por vía navegable .
de este objetivo , la Directiva Para facilitar la realización 96/35/CE ha previsto el nombramiento de consejeros de seguridad para el transporte de mercancías peligrosas , que hayan recibido una formación profesional adecuada .
en lo que respecta a la necesidad de elaborar un cuestionario y declaraciones relativas a la autorización de determinados documentos en el marco 	 de las especificaciones de las modalidades de el examen propuestas por el organismo examinador 	 . No_obstante , ha presentado varias enmiendas , la mayor parte de las cuales se han mantenido en la posición común de el Consejo , en particular ,
ha ocurrido en el caso de el transporte de este tipo de mercancías por ferrocarril , excepto esta diferencia : se había fijado Es exactamente lo que un plazo .
el Sr._Barnier que me lo confirme - que las normas a_favor_de regiones autónomas como Gales y Escocia . Señor_Presidente , en relación con el informe Schroedter , sé - y he pedido a sobre la adicionalidad en el caso de los Fondos estructurales sólo se aplican en el nivel de los Estados miembros y no de forma transitiva y transparente dentro_de los Estados miembros
quede claro que Quiero que , aunque he votado a_favor_de el informe , abrigo esta importante reserva .
, a_el_tiempo_que lamento que , por motivos de calendario , el Parlamento_Europeo Es el motivo por el que apoyaré este informe sólo haya sido consultado de forma muy tardía sobre las orientaciones que se supone deben ayudar a los Estados miembros , a las regiones y a las colectividades locales en la programación de los objetivos 1 , 2 , y 3 .
centro de las ayudas estructurales in_situ , con_tal_que dicho no resulte ser un instrumento centralizador de carácter supranacional y garantice una efectiva atención a aquellas regiones - vuelvo a repetir lo - que , por una serie de factores negativos convergentes , no han alcanzado todavía niveles correctos de utilización de los Fondos estructurales , por lo que la sustitución de el objetivo geográfico por las políticas sectoriales , en la práctica podría resultar una intervención negativa . En teoría , podríamos incluso responder positivamente a la petición de la Comisión de crear un centro de gestión para la promoción estructural en los Estados miembros , encargado de coordinar la actuación y la gestión
que una vez . Así las cosas , podríamos decir más se ha perdido la ocasión de potenciar realmente el desarrollo urbano sostenible , mediante una contención de el creciente fenómeno de el traslado masivo de la población hacia los centros industrializados y de la consiguiente degradación de el entorno
sido valorada adecuadamente la importancia No ha de el instrumento de la subvención global que podría revelar se extraordinariamente útil de_cara_a el reequilibrio entre zonas urbanas y rurales confiriendo , por otra parte , una justa dignidad a las entidades locales que , en su autonomía , podrían determinar condiciones de desarrollo territorial en plazos más cortos y contribuir de hecho a los esfuerzos de reforma de los Fondos estructurales y a los objetivos de eficacia , concentración y agilización administrativa .
de una glotonería pecuniaria muy sorprendente . En unos momentos en que los Estados miembros se ven obligados a seguir una dieta de adelgazamiento presupuestario para cumplir los criterios de convergencia , dieta que , por otra parte , se han impuesto de motu propio , los federalistas dan muestras
Esto resulta especialmente claro en Francia : la región Champagne-Ardennes , que tengo el honor de representar , ha visto su PIB pasar de el 105 a el 94_% de la media comunitaria , el de Pays-de-Loire se ha debilitado desde el 95 hasta el 91_% , el de Auvergne , de el 89 a el 83_% .
extraño que la de el período 1994-1999 . Por ello , puede parecer se haya sacrificado el objetivo 2 , destinado a las regiones industriales y rurales en_vías_de reestructuración económica , a_raíz_de la reforma de los Fondos estructurales y en beneficio de los objetivos 1 y 3 : su dotación para el período 1999-2006 será de 22.500_millones de ecus , una suma más o menos parecida a
El informe de la Comisión_de_Asuntos_Económicos y Monetarios es insuficiente desde este punto de vista , motivo por el que me he abstenido .
, muchas veces , en nombre de la política de competencia , se Por_otro_lado , como recuerda el ponente han substituido monopolios públicos por monopolios privados con las privatizaciones de importantes sectores y empresas públicos , como ha ocurrido en Portugal , con consecuencias negativas para el país y para los trabajadores .
la Comisión propone la supresión de el régimen de autorización previa de estos acuerdos y una aplicación más descentralizada de las normas de competencia a nivel de los Estados miembros . En efecto , tras haber tomado nota de el atasco de sus servicios a_causa_de las notificaciones previas de acuerdos de empresas susceptibles de torcer el comercio y por temor a que su número siga creciendo con la llegada de nuevos países miembros ,
portavoces de todas aquellas y de todos aquellos que . ( FR ) A el votar en_contra_de este informe , nos convertimos en han expresado su rechazo en Seattle y en toda Europa a un mundo reducido a la estricta lógica mercantil .
A_el_igual_que el ponente , acojo con satisfacción el informe de la Comisión , pero he deplorado que este informe no cubra todos los aspectos de las ayudas .
la Comisión nuestras exigencias . Por todas estas razones , he votado a_favor_de el informe Langen y espero que atienda ahora a nuestras peticiones y a
semejantes disposiciones , repito , la catástrofe Sin hubiéramos contado con sin duda no se habría producido .
hay que revisar los textos aplicables y , en particular , el protocolo de 1992 , que Por eso creemos que ha exonerado a los fletadores , en este caso a el petrolero fletador , de toda responsabilidad .
dicho , debemos Por otra parte , como usted ha sobre todo reforzar los controles : los controles de el Estado de el pabellón y aquéllos de las sociedades de clasificación .
Usted ha nos dicho que la sociedad RINA es un registro de clasificación italiano reconocido por la Comisión .
de esta situación ? ¿ Cuáles son la Comisión las consecuencias que ha sacado o que piensa sacar
de_un_tirón la lista de desastres que Podría recitar han afectado a esa industria en los 10 años que llevo en este Parlamento , pero sólo dispongo de tres_minutos .
se han logrado algunos avances Si bien reconozco que en sectores como los de control por el Estado de el puerto y normas sobre tripulación mínima , seguimos afrontando lo que nuestro difunto colega Ken_Stewart llamaba 	 buques de la vergüenza que entran en nuestras aguas de la Unión_Europea y salen de ellas : cubos oxidados y con tripulación deficiente 	 .
la población de el Gales occidental y a la de las islas Shetland . Mi_Grupo expresa su condolencia a la población de Bretaña que ha visto su zona saqueada por ese desastre , como también se lo expresó en ocasiones anteriores a
quien Hay dice que es el peor accidente que haya sucedido jamás a la vida de las aves de esta parte de Europa .
La Sociedad_Real_para_la_Protección_de_las_Aves cree que nada menos que 400 aves , tal_vez araos principalmente , pueden haber muerto .
Las fotografías muchos de nosotros hemos que visto de aves empapadas de petróleo y que veterinarios oficiales estaban sacrificando eran a un tiempo penosas y trágicas .
la Comisaria Estoy de_acuerdo_con todas las palabras que ha pronunciado en sus observaciones , pero la cuestión es : ¿ cuánto se tardará en lograr que se presenten las medidas encaminadas a abordar ese problema como ella propone ?
a sus funcionarios lo difícil político , debe recordar que sería que hubiera de volver a este Parlamento dentro_de un año , si se produjera un accidente similar , igualmente devastador , en_caso_de que algunas de las medidas que ha propuesto hoy siguieran , sencillamente , siendo bonitas palabras y no hubiese tenido la oportunidad de poner las en práctica . Como
traído un pequeño regalo : una torta de aceite pesado que he Señor_Presidente , señora Comisaria , le me ha enviado una habitante de la isla de Noirmoutier , que me escribe lo siguiente : 	 con cada marea , la playa se cubre de aceite pesado que escapa de el Erika .
, porque aquellos que frustrados algo ya se han ocupado de estas cuestiones saben que la Comisión y el Parlamento habían preparado , creo que en 1992 , un texto muy interesante que ya incluía todas las propuestas contenidas en la resolución que hoy presenta la Comisión_de_Transportes . Ahora_bien , a el escuchar la , señora Comisaria , nos sentimos
es algo que muchos voluntarios Expresar su solidaridad de Francia y de diferentes países europeos han hecho a el echar una mano a las víctimas sobre el terreno .
todo también que se haga lo necesario para que su desgracia actual sirva en el futuro a los demás para impedir la repetición de semejantes delitos . Lo que ahora esperan las poblaciones siniestradas , quienes lo han perdido todo , en particular entre los profesionales de el mar y de el turismo , aquellos cuya actividad está comprometida para varios años , es no_sólo que los contaminadores reparen los daños que han causado , sino
Se deben tratar esos asuntos - resulta más que evidente - en el nivel mundial , pero las normas internacionales actuales de la OMI son muy insuficientes y mucho más laxistas y ni nuestros países ni la Comunidad han procurado con tesón volver las más rigurosas , pese_a las catástrofes recientes .
Estados_Unidos han sabido , por su parte , aprovechar las enseñanzas de la catástrofe de el Exxon_Valdez exigiendo el doble casco y vedando sus aguas a todos los buques de más de veinte años . De no conseguir se un_marco reglamentario comunitario suficientemente claro , estricto y riguroso , se debería autorizar a los Estados miembros que lo deseen , por su parte , a establecer lo para proteger a su población y su territorio , de el mismo modo que los
